<?xml version="1.0" encoding="UTF-8"?>
<!-- Generated by org.testng.reporters.JUnitXMLReporter -->
<testsuite ignored="0" hostname="LAPTOP-GJIQC4HI" failures="0" tests="7" name="windows-chrome" time="67.186" errors="0" timestamp="2026-04-24T11:37:39 IST">
  <testcase classname="TestCases.TC003_LoginDDT" name="verify_LoginDDT" time="2.2"/>
  <testcase classname="TestCases.TC003_LoginDDT" name="verify_LoginDDT" time="11.65"/>
  <testcase classname="TestCases.TC003_LoginDDT" name="verify_LoginDDT" time="11.48"/>
  <testcase classname="TestCases.TC003_LoginDDT" name="verify_LoginDDT" time="11.755"/>
  <testcase classname="TestCases.TC003_LoginDDT" name="verify_LoginDDT" time="2.531"/>
  <testcase classname="TestCases.TC003_LoginDDT" name="verify_LoginDDT" time="11.691"/>
  <testcase classname="TestCases.TC003_LoginDDT" name="verify_LoginDDT" time="11.769"/>
</testsuite> <!-- windows-chrome -->
