<?xml version="1.0" encoding="UTF-8"?>
<testng-results ignored="0" total="2" passed="2" failed="0" skipped="0">
  <reporter-output>
  </reporter-output>
  <suite started-at="2026-04-24T18:14:09 IST" name="Suite" finished-at="2026-04-24T18:14:22 IST" duration-ms="13344">
    <groups>
      <group name="regression">
        <method signature="TC002_LoginTest.verify_Login()[pri:0, instance:TestCases.TC002_LoginTest@7862f56]" name="verify_Login" class="TestCases.TC002_LoginTest"/>
      </group> <!-- regression -->
      <group name="sanity">
        <method signature="TC001_AccountRegistrationTest.verify_Account_Registrarion()[pri:0, instance:TestCases.TC001_AccountRegistrationTest@4b3ed2f0]" name="verify_Account_Registrarion" class="TestCases.TC001_AccountRegistrationTest"/>
      </group> <!-- sanity -->
      <group name="master">
        <method signature="TC001_AccountRegistrationTest.verify_Account_Registrarion()[pri:0, instance:TestCases.TC001_AccountRegistrationTest@4b3ed2f0]" name="verify_Account_Registrarion" class="TestCases.TC001_AccountRegistrationTest"/>
        <method signature="TC002_LoginTest.verify_Login()[pri:0, instance:TestCases.TC002_LoginTest@7862f56]" name="verify_Login" class="TestCases.TC002_LoginTest"/>
      </group> <!-- master -->
    </groups>
    <test started-at="2026-04-24T18:14:09 IST" name="master" finished-at="2026-04-24T18:14:22 IST" duration-ms="13344">
      <class name="TestCases.TC001_AccountRegistrationTest">
        <test-method is-config="true" signature="setUp(java.lang.String,java.lang.String)[pri:0, instance:TestCases.TC001_AccountRegistrationTest@4b3ed2f0]" started-at="2026-04-24T18:14:09 IST" name="setUp" finished-at="2026-04-24T18:14:14 IST" duration-ms="4672" status="PASS">
          <params>
            <param index="0">
              <value>
                <![CDATA[windows]]>
              </value>
            </param>
            <param index="1">
              <value>
                <![CDATA[chrome]]>
              </value>
            </param>
          </params>
          <reporter-output>
          </reporter-output>
        </test-method> <!-- setUp -->
        <test-method signature="verify_Account_Registrarion()[pri:0, instance:TestCases.TC001_AccountRegistrationTest@4b3ed2f0]" started-at="2026-04-24T18:14:14 IST" name="verify_Account_Registrarion" finished-at="2026-04-24T18:14:17 IST" duration-ms="3441" status="PASS">
          <reporter-output>
          </reporter-output>
        </test-method> <!-- verify_Account_Registrarion -->
        <test-method is-config="true" signature="tearDown()[pri:0, instance:TestCases.TC001_AccountRegistrationTest@4b3ed2f0]" started-at="2026-04-24T18:14:17 IST" name="tearDown" finished-at="2026-04-24T18:14:17 IST" duration-ms="188" status="PASS">
          <reporter-output>
          </reporter-output>
        </test-method> <!-- tearDown -->
      </class> <!-- TestCases.TC001_AccountRegistrationTest -->
      <class name="TestCases.TC002_LoginTest">
        <test-method is-config="true" signature="setUp(java.lang.String,java.lang.String)[pri:0, instance:TestCases.TC002_LoginTest@7862f56]" started-at="2026-04-24T18:14:17 IST" name="setUp" finished-at="2026-04-24T18:14:20 IST" duration-ms="2622" status="PASS">
          <params>
            <param index="0">
              <value>
                <![CDATA[windows]]>
              </value>
            </param>
            <param index="1">
              <value>
                <![CDATA[chrome]]>
              </value>
            </param>
          </params>
          <reporter-output>
          </reporter-output>
        </test-method> <!-- setUp -->
        <test-method signature="verify_Login()[pri:0, instance:TestCases.TC002_LoginTest@7862f56]" started-at="2026-04-24T18:14:20 IST" name="verify_Login" finished-at="2026-04-24T18:14:22 IST" duration-ms="2050" status="PASS">
          <reporter-output>
          </reporter-output>
        </test-method> <!-- verify_Login -->
        <test-method is-config="true" signature="tearDown()[pri:0, instance:TestCases.TC002_LoginTest@7862f56]" started-at="2026-04-24T18:14:22 IST" name="tearDown" finished-at="2026-04-24T18:14:22 IST" duration-ms="161" status="PASS">
          <reporter-output>
          </reporter-output>
        </test-method> <!-- tearDown -->
      </class> <!-- TestCases.TC002_LoginTest -->
    </test> <!-- master -->
  </suite> <!-- Suite -->
</testng-results>
